\BOOKMARK [1][-]{section.1}{\376\377\000G\000i\000v\000e\000\040\000t\000h\000e\000\040\000p\000r\000o\000j\000e\000c\000t\000\040\000a\000\040\000n\000a\000m\000e\000\040\000/\000\040\000C\000o\000v\000e\000r\000\040\000p\000a\000g\000e\000:\000\040\000\050\000I\000f\000t\000y\000\051}{}% 1
\BOOKMARK [1][-]{section.2}{\376\377\000Q\000u\000o\000t\000e\000\040\000e\000x\000a\000m\000p\000l\000e}{}% 2
\BOOKMARK [1][-]{section.3}{\376\377\000C\000o\000n\000t\000e\000n\000t\000\040\000p\000a\000g\000e\000\040\000I\000f\000d\000i}{}% 3
\BOOKMARK [1][-]{section.4}{\376\377\000I\000n\000t\000r\000o\000d\000u\000c\000t\000i\000o\000n\000\040\000P\000h\000i\000l\000i\000p\000p}{}% 4
\BOOKMARK [1][-]{section.5}{\376\377\000R\000e\000s\000e\000a\000r\000c\000h\000\040\000/\000\040\000S\000t\000a\000t\000e\000\040\000o\000f\000\040\000t\000h\000e\000\040\000A\000r\000t\000\040\000/\000\040\000a\000l\000t\000e\000r\000n\000a\000t\000i\000v\000e\000l\000y\000:\000\040\000M\000o\000t\000i\000v\000a\000t\000i\000o\000n\000\040\000\050\000T\000i\000n\000g\000\051}{}% 5
\BOOKMARK [1][-]{section.6}{\376\377\000M\000e\000t\000h\000o\000d\000o\000l\000o\000g\000y\000\040\000\050\000F\000e\000l\000i\000x\000\051}{}% 6
\BOOKMARK [1][-]{section.7}{\376\377\000S\000o\000f\000t\000w\000a\000r\000e\000\040\000D\000e\000s\000i\000g\000n}{}% 7
\BOOKMARK [2][-]{subsection.7.1}{\376\377\000I\000n\000t\000r\000o\000d\000u\000c\000t\000i\000o\000n}{section.7}% 8
\BOOKMARK [2][-]{subsection.7.2}{\376\377\000A\000r\000c\000h\000i\000t\000e\000c\000t\000u\000r\000a\000l\000\040\000A\000p\000p\000r\000o\000a\000c\000h}{section.7}% 9
\BOOKMARK [2][-]{subsection.7.3}{\376\377\000F\000r\000o\000n\000t\000e\000n\000d\000\040\000T\000e\000c\000h\000n\000o\000l\000o\000g\000i\000e\000s}{section.7}% 10
\BOOKMARK [2][-]{subsection.7.4}{\376\377\000G\000o\000o\000g\000l\000e\000\040\000M\000a\000p\000s\000\040\000I\000n\000t\000e\000g\000r\000a\000t\000i\000o\000n}{section.7}% 11
\BOOKMARK [2][-]{subsection.7.5}{\376\377\000B\000a\000c\000k\000e\000n\000d\000\040\000T\000e\000c\000h\000n\000o\000l\000o\000g\000i\000e\000s}{section.7}% 12
\BOOKMARK [2][-]{subsection.7.6}{\376\377\000D\000a\000t\000a\000b\000a\000s\000e\000\040\000M\000a\000n\000a\000g\000e\000m\000e\000n\000t}{section.7}% 13
\BOOKMARK [2][-]{subsection.7.7}{\376\377\000D\000a\000t\000a\000b\000a\000s\000e\000\040\000C\000h\000o\000i\000c\000e}{section.7}% 14
\BOOKMARK [2][-]{subsection.7.8}{\376\377\000L\000o\000c\000k\000e\000r\000\040\000C\000o\000n\000t\000r\000o\000l\000s}{section.7}% 15
\BOOKMARK [2][-]{subsection.7.9}{\376\377\000C\000h\000a\000r\000g\000i\000n\000g\000\040\000D\000a\000t\000a\000\040\000M\000a\000n\000a\000g\000e\000m\000e\000n\000t}{section.7}% 16
\BOOKMARK [2][-]{subsection.7.10}{\376\377\000H\000o\000s\000t\000i\000n\000g\000\040\000a\000n\000d\000\040\000D\000e\000p\000l\000o\000y\000m\000e\000n\000t}{section.7}% 17
\BOOKMARK [3][-]{subsubsection.7.10.1}{\376\377\000F\000r\000o\000n\000t\000e\000n\000d\000\040\000D\000e\000p\000l\000o\000y\000m\000e\000n\000t}{subsection.7.10}% 18
\BOOKMARK [3][-]{subsubsection.7.10.2}{\376\377\000B\000a\000c\000k\000e\000n\000d\000\040\000D\000e\000p\000l\000o\000y\000m\000e\000n\000t}{subsection.7.10}% 19
\BOOKMARK [3][-]{subsubsection.7.10.3}{\376\377\000D\000a\000t\000a\000b\000a\000s\000e\000\040\000H\000o\000s\000t\000i\000n\000g}{subsection.7.10}% 20
\BOOKMARK [3][-]{subsubsection.7.10.4}{\376\377\000S\000e\000n\000s\000o\000r\000\040\000D\000a\000t\000a\000\040\000M\000a\000n\000a\000g\000e\000m\000e\000n\000t}{subsection.7.10}% 21
\BOOKMARK [2][-]{subsection.7.11}{\376\377\000C\000o\000n\000c\000l\000u\000s\000i\000o\000n}{section.7}% 22
\BOOKMARK [1][-]{section.8}{\376\377\000I\000m\000p\000l\000e\000m\000e\000n\000t\000a\000t\000i\000o\000n}{}% 23
\BOOKMARK [2][-]{subsection.8.1}{\376\377\000F\000r\000o\000n\000t\000e\000n\000d}{section.8}% 24
\BOOKMARK [2][-]{subsection.8.2}{\376\377\000B\000a\000c\000k\000e\000n\000d}{section.8}% 25
\BOOKMARK [2][-]{subsection.8.3}{\376\377\000B\000a\000c\000k\000e\000n\000d\000\040\000I\000m\000p\000l\000e\000m\000e\000n\000t\000a\000t\000i\000o\000n}{section.8}% 26
\BOOKMARK [3][-]{subsubsection.8.3.1}{\376\377\000P\000r\000o\000j\000e\000c\000t\000\040\000S\000e\000t\000u\000p}{subsection.8.3}% 27
\BOOKMARK [3][-]{subsubsection.8.3.2}{\376\377\000L\000i\000s\000t\000\040\000o\000f\000\040\000I\000m\000p\000o\000r\000t\000a\000n\000t\000\040\000L\000i\000b\000r\000a\000r\000i\000e\000s\000\040\000a\000n\000d\000\040\000V\000e\000r\000s\000i\000o\000n\000s}{subsection.8.3}% 28
\BOOKMARK [3][-]{subsubsection.8.3.3}{\376\377\000R\000e\000q\000u\000e\000s\000t\000\040\000H\000a\000n\000d\000l\000i\000n\000g\000\040\000i\000n\000\040\000F\000a\000s\000t\000A\000P\000I\000\040\000a\000n\000d\000\040\000S\000Q\000L\000A\000l\000c\000h\000e\000m\000y}{subsection.8.3}% 29
\BOOKMARK [3][-]{subsubsection.8.3.4}{\376\377\000P\000r\000o\000j\000e\000c\000t\000\040\000S\000t\000r\000u\000c\000t\000u\000r\000e}{subsection.8.3}% 30
\BOOKMARK [2][-]{subsection.8.4}{\376\377\000A\000r\000d\000u\000i\000n\000o}{section.8}% 31
\BOOKMARK [1][-]{section.9}{\376\377\000T\000e\000s\000t\000i\000n\000g\000\040\000/\000\040\000E\000v\000a\000l\000u\000a\000t\000i\000o\000n\000\040\000\050\000T\000i\000n\000g\000\051}{}% 32
\BOOKMARK [1][-]{section.10}{\376\377\000R\000e\000f\000l\000e\000c\000t\000i\000o\000n\000\040\000/\000\040\000L\000e\000s\000s\000o\000n\000s\000\040\000L\000e\000a\000r\000n\000e\000d\000\040\000\050\000S\000v\000e\000n\000\051}{}% 33
\BOOKMARK [1][-]{section.11}{\376\377\000N\000e\000x\000t\000\040\000s\000t\000e\000p\000s\000\040\000/\000\040\000O\000u\000t\000l\000o\000o\000k\000\040\000\050\000F\000e\000l\000i\000x\000\051}{}% 34
\BOOKMARK [1][-]{section.12}{\376\377\000S\000u\000m\000m\000a\000r\000y\000\040\000I\000f\000d\000i}{}% 35
\BOOKMARK [1][-]{section.13}{\376\377\000A\000p\000p\000e\000n\000d}{}% 36
